<?xml version="1.0" encoding="UTF-8"?>
<!-- Generated by org.testng.reporters.JUnitReportReporter -->
<testsuite hostname="DESKTOP-DR9DKED" name="com.achala.selenium.automation.Test_Login" tests="1" failures="0" timestamp="3 Nov 2020 02:58:52 GMT" time="23.660" errors="0">
  <testcase name="login" time="23.660" classname="com.achala.selenium.automation.Test_Login"/>
</testsuite> <!-- com.achala.selenium.automation.Test_Login -->
